{
  "RSpec": {
    "coverage": {
      "/home/Jibby/tic-tac-toe-rb-online-web-sp-000/lib/tic_tac_toe.rb": [
        null,
        1,
        18,
        null,
        null,
        1,
        18,
        18,
        18,
        18,
        18,
        null,
        null,
        1,
        18,
        null,
        null,
        1,
        18,
        null,
        null,
        1,
        18,
        null,
        null,
        1,
        18,
        18,
        18,
        18,
        18,
        18,
        null,
        0,
        null,
        null,
        null,
        null,
        null,
        1,
        12,
        12,
        18,
        18,
        null,
        null,
        null,
        1,
        18,
        18,
        162,
        27,
        null,
        null,
        18,
        null,
        null,
        1,
        18,
        18,
        11,
        null,
        7,
        null,
        null,
        null,
        null,
        null,
        1,
        null,
        null,
        null,
        null,
        null,
        null,
        null,
        null,
        null,
        1,
        18,
        125,
        125,
        125,
        null,
        null,
        125,
        null,
        null,
        null,
        null,
        467,
        4,
        null,
        null,
        14,
        null,
        null,
        1,
        22,
        83,
        null,
        null,
        null,
        1,
        11,
        null,
        null,
        1,
        19,
        null,
        null,
        1,
        0,
        0,
        0,
        null,
        null,
        null,
        null
      ]
    },
    "timestamp": 1575923726
  }
}
